This file contains any messages produced by compilers while
running configure, to aid debugging if configure makes a mistake.

It was created by wmpower configure 0.5.0, which was
generated by GNU Autoconf 2.68.  Invocation command line was

  $ ./configure --no-create --no-recursion

## --------- ##
## Platform. ##
## --------- ##

hostname = home2
uname -m = i686
uname -r = 2.6.37.6-smp
uname -s = Linux
uname -v = #1 SMP Sat Apr 9 14:01:14 CDT 2011

/usr/bin/uname -p = Intel(R) Core(TM) Duo CPU      L2400  @ 1.66GHz
/bin/uname -X     = unknown

/bin/arch              = i686
/usr/bin/arch -k       = unknown
/usr/convex/getsysinfo = unknown
/usr/bin/hostinfo      = unknown
/bin/machine           = unknown
/usr/bin/oslevel       = unknown
/bin/universe          = unknown

PATH: /usr/local/sbin
PATH: /usr/sbin
PATH: /sbin
PATH: /usr/local/bin
PATH: /usr/bin
PATH: /bin
PATH: /usr/games
PATH: /usr/lib/java/bin
PATH: /usr/lib/kde4/libexec
PATH: /usr/lib/qt/bin
PATH: /usr/share/texmf/bin
PATH: /root/bin


## ----------- ##
## Core tests. ##
## ----------- ##

configure:2089: checking for a BSD-compatible install
configure:2157: result: /usr/bin/ginstall -c
configure:2168: checking whether build environment is sane
configure:2205: result: yes
configure:2235: checking for gawk
configure:2251: found /usr/bin/gawk
configure:2262: result: gawk
configure:2273: checking whether make sets $(MAKE)
configure:2295: result: yes
configure:2482: checking for style of include used by make
configure:2510: result: GNU
configure:2583: checking for gcc
configure:2599: found /usr/bin/gcc
configure:2610: result: gcc
configure:2839: checking for C compiler version
configure:2848: gcc --version >&5
gcc (GCC) 4.5.2
Copyright (C) 2010 Free Software Foundation, Inc.
This is free software; see the source for copying conditions.  There is NO
warranty; not even for MERCHANTABILITY or FITNESS FOR A PARTICULAR PURPOSE.

configure:2859: $? = 0
configure:2848: gcc -v >&5
Reading specs from /usr/lib/gcc/i486-slackware-linux/4.5.2/specs
COLLECT_GCC=gcc
COLLECT_LTO_WRAPPER=/usr/libexec/gcc/i486-slackware-linux/4.5.2/lto-wrapper
Target: i486-slackware-linux
Configured with: ../gcc-4.5.2/configure --prefix=/usr --libdir=/usr/lib --mandir=/usr/man --infodir=/usr/info --enable-shared --enable-bootstrap --enable-languages=ada,c,c++,fortran,java,objc,lto --enable-threads=posix --enable-checking=release --with-system-zlib --with-python-dir=/lib/python2.6/site-packages --disable-libunwind-exceptions --enable-__cxa_atexit --enable-libssp --enable-lto --with-gnu-ld --verbose --with-arch=i486 --target=i486-slackware-linux --build=i486-slackware-linux --host=i486-slackware-linux
Thread model: posix
gcc version 4.5.2 (GCC) 
configure:2859: $? = 0
configure:2848: gcc -V >&5
gcc: '-V' option must have argument
configure:2859: $? = 1
configure:2848: gcc -qversion >&5
gcc: unrecognized option '-qversion'
gcc: no input files
configure:2859: $? = 1
configure:2879: checking whether the C compiler works
configure:2901: gcc    conftest.c  >&5
configure:2905: $? = 0
configure:2953: result: yes
configure:2956: checking for C compiler default output file name
configure:2958: result: a.out
configure:2964: checking for suffix of executables
configure:2971: gcc -o conftest    conftest.c  >&5
configure:2975: $? = 0
configure:2997: result: 
configure:3019: checking whether we are cross compiling
configure:3027: gcc -o conftest    conftest.c  >&5
configure:3031: $? = 0
configure:3038: ./conftest
configure:3042: $? = 0
configure:3057: result: no
configure:3062: checking for suffix of object files
configure:3084: gcc -c   conftest.c >&5
configure:3088: $? = 0
configure:3109: result: o
configure:3113: checking whether we are using the GNU C compiler
configure:3132: gcc -c   conftest.c >&5
configure:3132: $? = 0
configure:3141: result: yes
configure:3150: checking whether gcc accepts -g
configure:3170: gcc -c -g  conftest.c >&5
configure:3170: $? = 0
configure:3211: result: yes
configure:3228: checking for gcc option to accept ISO C89
configure:3292: gcc  -c -g -O2  conftest.c >&5
configure:3292: $? = 0
configure:3305: result: none needed
configure:3327: checking dependency style of gcc
configure:3410: result: gcc3
configure:3433: checking how to run the C preprocessor
configure:3464: gcc -E  conftest.c
configure:3464: $? = 0
configure:3478: gcc -E  conftest.c
conftest.c:11:28: fatal error: ac_nonexistent.h: No such file or directory
compilation terminated.
configure:3478: $? = 1
configure: failed program was:
| /* confdefs.h */
| #define PACKAGE_NAME "wmpower"
| #define PACKAGE_TARNAME "wmpower"
| #define PACKAGE_VERSION "0.5.0"
| #define PACKAGE_STRING "wmpower 0.5.0"
| #define PACKAGE_BUGREPORT "michele.noberasco@tiscali.it"
| #define PACKAGE_URL ""
| #define PACKAGE "wmpower"
| #define VERSION "0.5.0"
| /* end confdefs.h.  */
| #include <ac_nonexistent.h>
configure:3503: result: gcc -E
configure:3523: gcc -E  conftest.c
configure:3523: $? = 0
configure:3537: gcc -E  conftest.c
conftest.c:11:28: fatal error: ac_nonexistent.h: No such file or directory
compilation terminated.
configure:3537: $? = 1
configure: failed program was:
| /* confdefs.h */
| #define PACKAGE_NAME "wmpower"
| #define PACKAGE_TARNAME "wmpower"
| #define PACKAGE_VERSION "0.5.0"
| #define PACKAGE_STRING "wmpower 0.5.0"
| #define PACKAGE_BUGREPORT "michele.noberasco@tiscali.it"
| #define PACKAGE_URL ""
| #define PACKAGE "wmpower"
| #define VERSION "0.5.0"
| /* end confdefs.h.  */
| #include <ac_nonexistent.h>
configure:3566: checking for grep that handles long lines and -e
configure:3624: result: /usr/bin/grep
configure:3629: checking for egrep
configure:3691: result: /usr/bin/grep -E
configure:3696: checking for ANSI C header files
configure:3716: gcc -c -g -O2  conftest.c >&5
configure:3716: $? = 0
configure:3789: gcc -o conftest -g -O2   conftest.c  >&5
configure:3789: $? = 0
configure:3789: ./conftest
configure:3789: $? = 0
configure:3800: result: yes
configure:3813: checking for sys/types.h
configure:3813: gcc -c -g -O2  conftest.c >&5
configure:3813: $? = 0
configure:3813: result: yes
configure:3813: checking for sys/stat.h
configure:3813: gcc -c -g -O2  conftest.c >&5
configure:3813: $? = 0
configure:3813: result: yes
configure:3813: checking for stdlib.h
configure:3813: gcc -c -g -O2  conftest.c >&5
configure:3813: $? = 0
configure:3813: result: yes
configure:3813: checking for string.h
configure:3813: gcc -c -g -O2  conftest.c >&5
configure:3813: $? = 0
configure:3813: result: yes
configure:3813: checking for memory.h
configure:3813: gcc -c -g -O2  conftest.c >&5
configure:3813: $? = 0
configure:3813: result: yes
configure:3813: checking for strings.h
configure:3813: gcc -c -g -O2  conftest.c >&5
configure:3813: $? = 0
configure:3813: result: yes
configure:3813: checking for inttypes.h
configure:3813: gcc -c -g -O2  conftest.c >&5
configure:3813: $? = 0
configure:3813: result: yes
configure:3813: checking for stdint.h
configure:3813: gcc -c -g -O2  conftest.c >&5
configure:3813: $? = 0
configure:3813: result: yes
configure:3813: checking for unistd.h
configure:3813: gcc -c -g -O2  conftest.c >&5
configure:3813: $? = 0
configure:3813: result: yes
configure:3826: checking minix/config.h usability
configure:3826: gcc -c -g -O2  conftest.c >&5
conftest.c:54:26: fatal error: minix/config.h: No such file or directory
compilation terminated.
configure:3826: $? = 1
configure: failed program was:
| /* confdefs.h */
| #define PACKAGE_NAME "wmpower"
| #define PACKAGE_TARNAME "wmpower"
| #define PACKAGE_VERSION "0.5.0"
| #define PACKAGE_STRING "wmpower 0.5.0"
| #define PACKAGE_BUGREPORT "michele.noberasco@tiscali.it"
| #define PACKAGE_URL ""
| #define PACKAGE "wmpower"
| #define VERSION "0.5.0"
| #define STDC_HEADERS 1
| #define HAVE_SYS_TYPES_H 1
| #define HAVE_SYS_STAT_H 1
| #define HAVE_STDLIB_H 1
| #define HAVE_STRING_H 1
| #define HAVE_MEMORY_H 1
| #define HAVE_STRINGS_H 1
| #define HAVE_INTTYPES_H 1
| #define HAVE_STDINT_H 1
| #define HAVE_UNISTD_H 1
| /* end confdefs.h.  */
| #include <stdio.h>
| #ifdef HAVE_SYS_TYPES_H
| # include <sys/types.h>
| #endif
| #ifdef HAVE_SYS_STAT_H
| # include <sys/stat.h>
| #endif
| #ifdef STDC_HEADERS
| # include <stdlib.h>
| # include <stddef.h>
| #else
| # ifdef HAVE_STDLIB_H
| #  include <stdlib.h>
| # endif
| #endif
| #ifdef HAVE_STRING_H
| # if !defined STDC_HEADERS && defined HAVE_MEMORY_H
| #  include <memory.h>
| # endif
| # include <string.h>
| #endif
| #ifdef HAVE_STRINGS_H
| # include <strings.h>
| #endif
| #ifdef HAVE_INTTYPES_H
| # include <inttypes.h>
| #endif
| #ifdef HAVE_STDINT_H
| # include <stdint.h>
| #endif
| #ifdef HAVE_UNISTD_H
| # include <unistd.h>
| #endif
| #include <minix/config.h>
configure:3826: result: no
configure:3826: checking minix/config.h presence
configure:3826: gcc -E  conftest.c
conftest.c:21:26: fatal error: minix/config.h: No such file or directory
compilation terminated.
configure:3826: $? = 1
configure: failed program was:
| /* confdefs.h */
| #define PACKAGE_NAME "wmpower"
| #define PACKAGE_TARNAME "wmpower"
| #define PACKAGE_VERSION "0.5.0"
| #define PACKAGE_STRING "wmpower 0.5.0"
| #define PACKAGE_BUGREPORT "michele.noberasco@tiscali.it"
| #define PACKAGE_URL ""
| #define PACKAGE "wmpower"
| #define VERSION "0.5.0"
| #define STDC_HEADERS 1
| #define HAVE_SYS_TYPES_H 1
| #define HAVE_SYS_STAT_H 1
| #define HAVE_STDLIB_H 1
| #define HAVE_STRING_H 1
| #define HAVE_MEMORY_H 1
| #define HAVE_STRINGS_H 1
| #define HAVE_INTTYPES_H 1
| #define HAVE_STDINT_H 1
| #define HAVE_UNISTD_H 1
| /* end confdefs.h.  */
| #include <minix/config.h>
configure:3826: result: no
configure:3826: checking for minix/config.h
configure:3826: result: no
configure:3847: checking whether it is safe to define __EXTENSIONS__
configure:3865: gcc -c -g -O2  conftest.c >&5
configure:3865: $? = 0
configure:3872: result: yes
configure:3936: checking for gcc
configure:3963: result: gcc
configure:4192: checking for C compiler version
configure:4201: gcc --version >&5
gcc (GCC) 4.5.2
Copyright (C) 2010 Free Software Foundation, Inc.
This is free software; see the source for copying conditions.  There is NO
warranty; not even for MERCHANTABILITY or FITNESS FOR A PARTICULAR PURPOSE.

configure:4212: $? = 0
configure:4201: gcc -v >&5
Reading specs from /usr/lib/gcc/i486-slackware-linux/4.5.2/specs
COLLECT_GCC=gcc
COLLECT_LTO_WRAPPER=/usr/libexec/gcc/i486-slackware-linux/4.5.2/lto-wrapper
Target: i486-slackware-linux
Configured with: ../gcc-4.5.2/configure --prefix=/usr --libdir=/usr/lib --mandir=/usr/man --infodir=/usr/info --enable-shared --enable-bootstrap --enable-languages=ada,c,c++,fortran,java,objc,lto --enable-threads=posix --enable-checking=release --with-system-zlib --with-python-dir=/lib/python2.6/site-packages --disable-libunwind-exceptions --enable-__cxa_atexit --enable-libssp --enable-lto --with-gnu-ld --verbose --with-arch=i486 --target=i486-slackware-linux --build=i486-slackware-linux --host=i486-slackware-linux
Thread model: posix
gcc version 4.5.2 (GCC) 
configure:4212: $? = 0
configure:4201: gcc -V >&5
gcc: '-V' option must have argument
configure:4212: $? = 1
configure:4201: gcc -qversion >&5
gcc: unrecognized option '-qversion'
gcc: no input files
configure:4212: $? = 1
configure:4216: checking whether we are using the GNU C compiler
configure:4244: result: yes
configure:4253: checking whether gcc accepts -g
configure:4314: result: yes
configure:4331: checking for gcc option to accept ISO C89
configure:4408: result: none needed
configure:4430: checking dependency style of gcc
configure:4513: result: gcc3
configure:4573: checking for ranlib
configure:4589: found /usr/bin/ranlib
configure:4600: result: ranlib
configure:4629: checking Checking for gcc version
configure:4632: result: 4.5.2
configure:4699: checking for machine class
configure:4707: result: i686
configure:4718: checking stdio.h usability
configure:4718: gcc -c -march=i686 -Os -fomit-frame-pointer -pipe -W -Wall  conftest.c >&5
configure:4718: $? = 0
configure:4718: result: yes
configure:4718: checking stdio.h presence
configure:4718: gcc -E  conftest.c
configure:4718: $? = 0
configure:4718: result: yes
configure:4718: checking for stdio.h
configure:4718: result: yes
configure:4718: checking for stdlib.h
configure:4718: result: yes
configure:4718: checking stdarg.h usability
configure:4718: gcc -c -march=i686 -Os -fomit-frame-pointer -pipe -W -Wall  conftest.c >&5
configure:4718: $? = 0
configure:4718: result: yes
configure:4718: checking stdarg.h presence
configure:4718: gcc -E  conftest.c
configure:4718: $? = 0
configure:4718: result: yes
configure:4718: checking for stdarg.h
configure:4718: result: yes
configure:4718: checking for string.h
configure:4718: result: yes
configure:4718: checking syslog.h usability
configure:4718: gcc -c -march=i686 -Os -fomit-frame-pointer -pipe -W -Wall  conftest.c >&5
configure:4718: $? = 0
configure:4718: result: yes
configure:4718: checking syslog.h presence
configure:4718: gcc -E  conftest.c
configure:4718: $? = 0
configure:4718: result: yes
configure:4718: checking for syslog.h
configure:4718: result: yes
configure:4718: checking time.h usability
configure:4718: gcc -c -march=i686 -Os -fomit-frame-pointer -pipe -W -Wall  conftest.c >&5
configure:4718: $? = 0
configure:4718: result: yes
configure:4718: checking time.h presence
configure:4718: gcc -E  conftest.c
configure:4718: $? = 0
configure:4718: result: yes
configure:4718: checking for time.h
configure:4718: result: yes
configure:4718: checking for unistd.h
configure:4718: result: yes
configure:4718: checking ctype.h usability
configure:4718: gcc -c -march=i686 -Os -fomit-frame-pointer -pipe -W -Wall  conftest.c >&5
configure:4718: $? = 0
configure:4718: result: yes
configure:4718: checking ctype.h presence
configure:4718: gcc -E  conftest.c
configure:4718: $? = 0
configure:4718: result: yes
configure:4718: checking for ctype.h
configure:4718: result: yes
configure:4718: checking pwd.h usability
configure:4718: gcc -c -march=i686 -Os -fomit-frame-pointer -pipe -W -Wall  conftest.c >&5
configure:4718: $? = 0
configure:4718: result: yes
configure:4718: checking pwd.h presence
configure:4718: gcc -E  conftest.c
configure:4718: $? = 0
configure:4718: result: yes
configure:4718: checking for pwd.h
configure:4718: result: yes
configure:4718: checking for sys/types.h
configure:4718: result: yes
configure:4718: checking fcntl.h usability
configure:4718: gcc -c -march=i686 -Os -fomit-frame-pointer -pipe -W -Wall  conftest.c >&5
configure:4718: $? = 0
configure:4718: result: yes
configure:4718: checking fcntl.h presence
configure:4718: gcc -E  conftest.c
configure:4718: $? = 0
configure:4718: result: yes
configure:4718: checking for fcntl.h
configure:4718: result: yes
configure:4718: checking for sys/stat.h
configure:4718: result: yes
configure:4718: checking sys/ioctl.h usability
configure:4718: gcc -c -march=i686 -Os -fomit-frame-pointer -pipe -W -Wall  conftest.c >&5
configure:4718: $? = 0
configure:4718: result: yes
configure:4718: checking sys/ioctl.h presence
configure:4718: gcc -E  conftest.c
configure:4718: $? = 0
configure:4718: result: yes
configure:4718: checking for sys/ioctl.h
configure:4718: result: yes
configure:4718: checking envz.h usability
configure:4718: gcc -c -march=i686 -Os -fomit-frame-pointer -pipe -W -Wall  conftest.c >&5
configure:4718: $? = 0
configure:4718: result: yes
configure:4718: checking envz.h presence
configure:4718: gcc -E  conftest.c
configure:4718: $? = 0
configure:4718: result: yes
configure:4718: checking for envz.h
configure:4718: result: yes
configure:4718: checking X11/X.h usability
configure:4718: gcc -c -march=i686 -Os -fomit-frame-pointer -pipe -W -Wall  conftest.c >&5
configure:4718: $? = 0
configure:4718: result: yes
configure:4718: checking X11/X.h presence
configure:4718: gcc -E  conftest.c
configure:4718: $? = 0
configure:4718: result: yes
configure:4718: checking for X11/X.h
configure:4718: result: yes
configure:4718: checking X11/Xlib.h usability
configure:4718: gcc -c -march=i686 -Os -fomit-frame-pointer -pipe -W -Wall  conftest.c >&5
configure:4718: $? = 0
configure:4718: result: yes
configure:4718: checking X11/Xlib.h presence
configure:4718: gcc -E  conftest.c
configure:4718: $? = 0
configure:4718: result: yes
configure:4718: checking for X11/Xlib.h
configure:4718: result: yes
configure:4718: checking X11/xpm.h usability
configure:4718: gcc -c -march=i686 -Os -fomit-frame-pointer -pipe -W -Wall  conftest.c >&5
configure:4718: $? = 0
configure:4718: result: yes
configure:4718: checking X11/xpm.h presence
configure:4718: gcc -E  conftest.c
configure:4718: $? = 0
configure:4718: result: yes
configure:4718: checking for X11/xpm.h
configure:4718: result: yes
configure:4718: checking X11/extensions/shape.h usability
configure:4718: gcc -c -march=i686 -Os -fomit-frame-pointer -pipe -W -Wall  conftest.c >&5
configure:4718: $? = 0
configure:4718: result: yes
configure:4718: checking X11/extensions/shape.h presence
configure:4718: gcc -E  conftest.c
configure:4718: $? = 0
configure:4718: result: yes
configure:4718: checking for X11/extensions/shape.h
configure:4718: result: yes
configure:4733: checking for dirent.h that defines DIR
configure:4752: gcc -c -march=i686 -Os -fomit-frame-pointer -pipe -W -Wall  conftest.c >&5
configure:4752: $? = 0
configure:4760: result: yes
configure:4773: checking for library containing opendir
configure:4804: gcc -o conftest -march=i686 -Os -fomit-frame-pointer -pipe -W -Wall   conftest.c  >&5
configure:4804: $? = 0
configure:4821: result: none required
configure:4893: checking pthread.h usability
configure:4893: gcc -c -march=i686 -Os -fomit-frame-pointer -pipe -W -Wall  conftest.c >&5
configure:4893: $? = 0
configure:4893: result: yes
configure:4893: checking pthread.h presence
configure:4893: gcc -E  conftest.c
configure:4893: $? = 0
configure:4893: result: yes
configure:4893: checking for pthread.h
configure:4893: result: yes
configure:4905: checking for pthread_create in -lpthread
configure:4930: gcc -o conftest -march=i686 -Os -fomit-frame-pointer -pipe -W -Wall   conftest.c -lpthread   >&5
configure:4930: $? = 0
configure:4939: result: yes
configure:5116: creating ./config.status

## ---------------- ##
## Cache variables. ##
## ---------------- ##

ac_cv_c_compiler_gnu=yes
ac_cv_env_CC_set=
ac_cv_env_CC_value=
ac_cv_env_CFLAGS_set=
ac_cv_env_CFLAGS_value=
ac_cv_env_CPPFLAGS_set=
ac_cv_env_CPPFLAGS_value=
ac_cv_env_CPP_set=
ac_cv_env_CPP_value=
ac_cv_env_LDFLAGS_set=
ac_cv_env_LDFLAGS_value=
ac_cv_env_LIBS_set=
ac_cv_env_LIBS_value=
ac_cv_env_build_alias_set=
ac_cv_env_build_alias_value=
ac_cv_env_host_alias_set=
ac_cv_env_host_alias_value=
ac_cv_env_target_alias_set=
ac_cv_env_target_alias_value=
ac_cv_header_X11_X_h=yes
ac_cv_header_X11_Xlib_h=yes
ac_cv_header_X11_extensions_shape_h=yes
ac_cv_header_X11_xpm_h=yes
ac_cv_header_ctype_h=yes
ac_cv_header_dirent_dirent_h=yes
ac_cv_header_envz_h=yes
ac_cv_header_fcntl_h=yes
ac_cv_header_inttypes_h=yes
ac_cv_header_memory_h=yes
ac_cv_header_minix_config_h=no
ac_cv_header_pthread_h=yes
ac_cv_header_pwd_h=yes
ac_cv_header_stdarg_h=yes
ac_cv_header_stdc=yes
ac_cv_header_stdint_h=yes
ac_cv_header_stdio_h=yes
ac_cv_header_stdlib_h=yes
ac_cv_header_string_h=yes
ac_cv_header_strings_h=yes
ac_cv_header_sys_ioctl_h=yes
ac_cv_header_sys_stat_h=yes
ac_cv_header_sys_types_h=yes
ac_cv_header_syslog_h=yes
ac_cv_header_time_h=yes
ac_cv_header_unistd_h=yes
ac_cv_lib_pthread_pthread_create=yes
ac_cv_objext=o
ac_cv_path_EGREP='/usr/bin/grep -E'
ac_cv_path_GREP=/usr/bin/grep
ac_cv_path_install='/usr/bin/ginstall -c'
ac_cv_prog_AWK=gawk
ac_cv_prog_CPP='gcc -E'
ac_cv_prog_ac_ct_CC=gcc
ac_cv_prog_ac_ct_RANLIB=ranlib
ac_cv_prog_cc_c89=
ac_cv_prog_cc_g=yes
ac_cv_prog_make_make_set=yes
ac_cv_safe_to_define___extensions__=yes
ac_cv_search_opendir='none required'
am_cv_CC_dependencies_compiler_type=gcc3

## ----------------- ##
## Output variables. ##
## ----------------- ##

ACLOCAL='${SHELL} /root/DATA/programs/root/Linux/SlackBuilds.org/C.M.K./Window_Maker.dockapps/wmpower-0.5.0/missing --run aclocal-1.7'
AMDEPBACKSLASH='\'
AMDEP_FALSE='#'
AMDEP_TRUE=''
AMTAR='${SHELL} /root/DATA/programs/root/Linux/SlackBuilds.org/C.M.K./Window_Maker.dockapps/wmpower-0.5.0/missing --run tar'
AUTOCONF='${SHELL} /root/DATA/programs/root/Linux/SlackBuilds.org/C.M.K./Window_Maker.dockapps/wmpower-0.5.0/missing --run autoconf'
AUTOHEADER='${SHELL} /root/DATA/programs/root/Linux/SlackBuilds.org/C.M.K./Window_Maker.dockapps/wmpower-0.5.0/missing --run autoheader'
AUTOMAKE='${SHELL} /root/DATA/programs/root/Linux/SlackBuilds.org/C.M.K./Window_Maker.dockapps/wmpower-0.5.0/missing --run automake-1.7'
AWK='gawk'
CC='gcc'
CCDEPMODE='depmode=gcc3'
CFLAGS='-march=i686 -Os -fomit-frame-pointer -pipe -W -Wall'
CPP='gcc -E'
CPPFLAGS=''
CYGPATH_W='echo'
DEFS='-DPACKAGE_NAME=\"wmpower\" -DPACKAGE_TARNAME=\"wmpower\" -DPACKAGE_VERSION=\"0.5.0\" -DPACKAGE_STRING=\"wmpower\ 0.5.0\" -DPACKAGE_BUGREPORT=\"michele.noberasco@tiscali.it\" -DPACKAGE_URL=\"\" -DPACKAGE=\"wmpower\" -DVERSION=\"0.5.0\" -DSTDC_HEADERS=1 -DHAVE_SYS_TYPES_H=1 -DHAVE_SYS_STAT_H=1 -DHAVE_STDLIB_H=1 -DHAVE_STRING_H=1 -DHAVE_MEMORY_H=1 -DHAVE_STRINGS_H=1 -DHAVE_INTTYPES_H=1 -DHAVE_STDINT_H=1 -DHAVE_UNISTD_H=1 -D__EXTENSIONS__=1 -D_ALL_SOURCE=1 -D_GNU_SOURCE=1 -D_POSIX_PTHREAD_SEMANTICS=1 -D_TANDEM_SOURCE=1 -DHAVE_STDIO_H=1 -DHAVE_STDLIB_H=1 -DHAVE_STDARG_H=1 -DHAVE_STRING_H=1 -DHAVE_SYSLOG_H=1 -DHAVE_TIME_H=1 -DHAVE_UNISTD_H=1 -DHAVE_CTYPE_H=1 -DHAVE_PWD_H=1 -DHAVE_SYS_TYPES_H=1 -DHAVE_FCNTL_H=1 -DHAVE_SYS_STAT_H=1 -DHAVE_SYS_IOCTL_H=1 -DHAVE_ENVZ_H=1 -DHAVE_X11_X_H=1 -DHAVE_X11_XLIB_H=1 -DHAVE_X11_XPM_H=1 -DHAVE_X11_EXTENSIONS_SHAPE_H=1 -DHAVE_DIRENT_H=1 -DHAVE_PTHREAD_H=1 -DHAVE_LIBPTHREAD=1'
DEPDIR='.deps'
ECHO_C=''
ECHO_N='-n'
ECHO_T=''
EGREP='/usr/bin/grep -E'
EXEEXT=''
GREP='/usr/bin/grep'
INSTALL_DATA='${INSTALL} -m 644'
INSTALL_PROGRAM='${INSTALL}'
INSTALL_SCRIPT='${INSTALL}'
INSTALL_STRIP_PROGRAM='${SHELL} $(install_sh) -c -s'
LDFLAGS=''
LIBOBJS=''
LIBS='-lpthread '
LTLIBOBJS=''
MAKEINFO='${SHELL} /root/DATA/programs/root/Linux/SlackBuilds.org/C.M.K./Window_Maker.dockapps/wmpower-0.5.0/missing --run makeinfo'
OBJEXT='o'
PACKAGE='wmpower'
PACKAGE_BUGREPORT='michele.noberasco@tiscali.it'
PACKAGE_NAME='wmpower'
PACKAGE_STRING='wmpower 0.5.0'
PACKAGE_TARNAME='wmpower'
PACKAGE_URL=''
PACKAGE_VERSION='0.5.0'
PATH_SEPARATOR=':'
RANLIB='ranlib'
SET_MAKE=''
SHELL='/bin/sh'
STRIP=''
VERSION='0.5.0'
X86='1'
ac_ct_CC='gcc'
am__fastdepCC_FALSE='#'
am__fastdepCC_TRUE=''
am__include='include'
am__leading_dot='.'
am__quote=''
bindir='${exec_prefix}/bin'
build_alias=''
datadir='${datarootdir}'
datarootdir='${prefix}/share'
docdir='${datarootdir}/doc/${PACKAGE_TARNAME}'
dvidir='${docdir}'
exec_prefix='${prefix}'
host_alias=''
htmldir='${docdir}'
includedir='${prefix}/include'
infodir='${datarootdir}/info'
install_sh='/root/DATA/programs/root/Linux/SlackBuilds.org/C.M.K./Window_Maker.dockapps/wmpower-0.5.0/install-sh'
libdir='${exec_prefix}/lib'
libexecdir='${exec_prefix}/libexec'
localedir='${datarootdir}/locale'
localstatedir='${prefix}/var'
mandir='${datarootdir}/man'
oldincludedir='/usr/include'
pdfdir='${docdir}'
prefix='/usr/local'
program_transform_name='s,x,x,'
psdir='${docdir}'
sbindir='${exec_prefix}/sbin'
sharedstatedir='${prefix}/com'
sysconfdir='${prefix}/etc'
target_alias=''

## ----------- ##
## confdefs.h. ##
## ----------- ##

/* confdefs.h */
#define PACKAGE_NAME "wmpower"
#define PACKAGE_TARNAME "wmpower"
#define PACKAGE_VERSION "0.5.0"
#define PACKAGE_STRING "wmpower 0.5.0"
#define PACKAGE_BUGREPORT "michele.noberasco@tiscali.it"
#define PACKAGE_URL ""
#define PACKAGE "wmpower"
#define VERSION "0.5.0"
#define STDC_HEADERS 1
#define HAVE_SYS_TYPES_H 1
#define HAVE_SYS_STAT_H 1
#define HAVE_STDLIB_H 1
#define HAVE_STRING_H 1
#define HAVE_MEMORY_H 1
#define HAVE_STRINGS_H 1
#define HAVE_INTTYPES_H 1
#define HAVE_STDINT_H 1
#define HAVE_UNISTD_H 1
#define __EXTENSIONS__ 1
#define _ALL_SOURCE 1
#define _GNU_SOURCE 1
#define _POSIX_PTHREAD_SEMANTICS 1
#define _TANDEM_SOURCE 1
#define HAVE_STDIO_H 1
#define HAVE_STDLIB_H 1
#define HAVE_STDARG_H 1
#define HAVE_STRING_H 1
#define HAVE_SYSLOG_H 1
#define HAVE_TIME_H 1
#define HAVE_UNISTD_H 1
#define HAVE_CTYPE_H 1
#define HAVE_PWD_H 1
#define HAVE_SYS_TYPES_H 1
#define HAVE_FCNTL_H 1
#define HAVE_SYS_STAT_H 1
#define HAVE_SYS_IOCTL_H 1
#define HAVE_ENVZ_H 1
#define HAVE_X11_X_H 1
#define HAVE_X11_XLIB_H 1
#define HAVE_X11_XPM_H 1
#define HAVE_X11_EXTENSIONS_SHAPE_H 1
#define HAVE_DIRENT_H 1
#define HAVE_PTHREAD_H 1
#define HAVE_LIBPTHREAD 1

configure: exit 0

## ---------------------- ##
## Running config.status. ##
## ---------------------- ##

This file was extended by wmpower config.status 0.5.0, which was
generated by GNU Autoconf 2.68.  Invocation command line was

  CONFIG_FILES    = 
  CONFIG_HEADERS  = 
  CONFIG_LINKS    = 
  CONFIG_COMMANDS = 
  $ ./config.status Makefile

on home2

config.status:784: creating Makefile

## ---------------------- ##
## Running config.status. ##
## ---------------------- ##

This file was extended by wmpower config.status 0.5.0, which was
generated by GNU Autoconf 2.68.  Invocation command line was

  CONFIG_FILES    = 
  CONFIG_HEADERS  = 
  CONFIG_LINKS    = 
  CONFIG_COMMANDS = 
  $ ./config.status src/Makefile depfiles

on home2

config.status:784: creating src/Makefile
config.status:950: executing depfiles commands

## ---------------------- ##
## Running config.status. ##
## ---------------------- ##

This file was extended by wmpower config.status 0.5.0, which was
generated by GNU Autoconf 2.68.  Invocation command line was

  CONFIG_FILES    = 
  CONFIG_HEADERS  = 
  CONFIG_LINKS    = 
  CONFIG_COMMANDS = 
  $ ./config.status src/dockapp/Makefile depfiles

on home2

config.status:784: creating src/dockapp/Makefile
config.status:950: executing depfiles commands

## ---------------------- ##
## Running config.status. ##
## ---------------------- ##

This file was extended by wmpower config.status 0.5.0, which was
generated by GNU Autoconf 2.68.  Invocation command line was

  CONFIG_FILES    = 
  CONFIG_HEADERS  = 
  CONFIG_LINKS    = 
  CONFIG_COMMANDS = 
  $ ./config.status src/power_management/Makefile depfiles

on home2

config.status:784: creating src/power_management/Makefile
config.status:950: executing depfiles commands
